c:\users\dangerous\source\repos\opengl\opengl\debug\opengl.pch
c:\users\dangerous\source\repos\opengl\opengl\debug\vc141.pdb
c:\users\dangerous\source\repos\opengl\opengl\debug\vc141.idb
c:\users\dangerous\source\repos\opengl\opengl\debug\pch.obj
c:\users\dangerous\source\repos\opengl\opengl\debug\glad.obj
c:\users\dangerous\source\repos\opengl\opengl\debug\stb_image.obj
c:\users\dangerous\source\repos\opengl\opengl\debug\opengl.obj
c:\users\dangerous\source\repos\opengl\opengl\debug\camera.obj
c:\users\dangerous\source\repos\opengl\opengl\debug\copysource.obj
c:\users\dangerous\source\repos\opengl\opengl\debug\model.obj
c:\users\dangerous\source\repos\opengl\opengl\debug\mesh.obj
c:\users\dangerous\source\repos\opengl\opengl\debug\frambuffermain.obj
c:\users\dangerous\source\repos\opengl\opengl\debug\shadowmain.obj
c:\users\dangerous\source\repos\opengl\opengl\debug\pointshadowmain.obj
c:\users\dangerous\source\repos\opengl\opengl\debug\normalmapmain.obj
c:\users\dangerous\source\repos\opengl\opengl\debug\hdrmain.obj
c:\users\dangerous\source\repos\opengl\debug\opengl.exe
c:\users\dangerous\source\repos\opengl\debug\opengl.ilk
c:\users\dangerous\source\repos\opengl\debug\opengl.pdb
c:\users\dangerous\source\repos\opengl\opengl\debug\main.obj
c:\users\dangerous\source\repos\opengl\opengl\debug\opengl.tlog\cl.command.1.tlog
c:\users\dangerous\source\repos\opengl\opengl\debug\opengl.tlog\cl.read.1.tlog
c:\users\dangerous\source\repos\opengl\opengl\debug\opengl.tlog\cl.write.1.tlog
c:\users\dangerous\source\repos\opengl\opengl\debug\opengl.tlog\link.command.1.tlog
c:\users\dangerous\source\repos\opengl\opengl\debug\opengl.tlog\link.read.1.tlog
c:\users\dangerous\source\repos\opengl\opengl\debug\opengl.tlog\link.write.1.tlog
